<?xml version="1.0" encoding="UTF-8"?>
<!-- Generated by org.testng.reporters.JUnitReportReporter -->
<testsuite hostname="DESKTOP-JO7IUIU" failures="0" tests="2" name="ts_001_register_functionality.TC_RF_012" time="35.775" errors="0" timestamp="2024-07-22T22:44:02 IST" skipped="0">
  <testcase classname="ts_001_register_functionality.TC_RF_012" name="alphanumericInF_NL_NFeilds" time="18.411">
    <system-out>
      <![CDATA[test execution started
test script passed]]>
    </system-out>
  </testcase> <!-- alphanumericInF_NL_NFeilds -->
  <testcase classname="ts_001_register_functionality.TC_RF_012" name="alphanumericInF_NL_NFeilds" time="17.364">
    <system-out>
      <![CDATA[test execution started
test script passed]]>
    </system-out>
  </testcase> <!-- alphanumericInF_NL_NFeilds -->
  <system-out>
    <![CDATA[test execution started
test script passed
test execution started
test script passed]]>
  </system-out>
</testsuite> <!-- ts_001_register_functionality.TC_RF_012 -->
