<?xml version="1.0" encoding="UTF-8"?>
<!-- Generated by org.testng.reporters.JUnitReportReporter -->
<testsuite hostname="DESKTOP-JO7IUIU" failures="0" tests="1" name="ts_001_register_functionality.TC_RF_005" time="23.770" errors="0" timestamp="2024-07-22T21:02:05 IST" skipped="0">
  <testcase classname="ts_001_register_functionality.TC_RF_005" name="creatingNewAccByProvidingAllFields" time="23.770">
    <system-out>
      <![CDATA[test execution started
test script passed]]>
    </system-out>
  </testcase> <!-- creatingNewAccByProvidingAllFields -->
  <system-out>
    <![CDATA[test execution started
test script passed]]>
  </system-out>
</testsuite> <!-- ts_001_register_functionality.TC_RF_005 -->
