<?xml version="1.0" encoding="UTF-8"?>
<!-- Generated by org.testng.reporters.JUnitReportReporter -->
<testsuite hostname="DESKTOP-JO7IUIU" failures="0" tests="1" name="ts_001_register_functionality.TC_RF_019" time="22.385" errors="0" timestamp="2024-07-22T23:26:45 IST" skipped="0">
  <testcase classname="ts_001_register_functionality.TC_RF_019" name="creatingAccOnlyWithMonth" time="22.385">
    <system-out>
      <![CDATA[test execution started
test script passed]]>
    </system-out>
  </testcase> <!-- creatingAccOnlyWithMonth -->
  <system-out>
    <![CDATA[test execution started
test script passed]]>
  </system-out>
</testsuite> <!-- ts_001_register_functionality.TC_RF_019 -->
