<?xml version="1.0" encoding="UTF-8"?>
<!-- Generated by org.testng.reporters.JUnitReportReporter -->
<testsuite hostname="DESKTOP-JO7IUIU" failures="0" tests="3" name="testscripts.Login_Page_Test" time="55.299" errors="0" timestamp="2024-07-22T12:24:58 IST" skipped="0">
  <testcase classname="testscripts.Login_Page_Test" name="validateLoginPage" time="17.993">
    <system-out>
      <![CDATA[test execution started
User landed on login page successfully
test script passed]]>
    </system-out>
  </testcase> <!-- validateLoginPage -->
  <testcase classname="testscripts.Login_Page_Test" name="createNewAccTest" time="18.043">
    <system-out>
      <![CDATA[test execution started
User landed on account creation page successfully
test script passed]]>
    </system-out>
  </testcase> <!-- createNewAccTest -->
  <testcase classname="testscripts.Login_Page_Test" name="loginActionTest" time="19.263">
    <system-out>
      <![CDATA[test execution started
User landed on my account page successfully
test script passed]]>
    </system-out>
  </testcase> <!-- loginActionTest -->
  <system-out>
    <![CDATA[test execution started
Logo is present
test script passed
test execution started
test script passed
test execution started
User landed on account creation page successfully
test script passed
test execution started
User landed on my account page successfully
test script passed
test execution started
User landed on login page successfully
test script passed
test execution started
User landed on account creation page successfully
test script passed
test execution started
test script passed
test execution started
test script passed
test execution started
test script passed
test execution started
test script failed
test execution started
test script failed
test execution started
test script failed]]>
  </system-out>
</testsuite> <!-- testscripts.Login_Page_Test -->
