<?xml version="1.0" encoding="UTF-8"?>
<!-- Generated by org.testng.reporters.JUnitReportReporter -->
<testsuite hostname="DESKTOP-JO7IUIU" failures="0" tests="1" name="ts_001_register_functionality.TC_RF_001" time="17.784" errors="0" timestamp="2024-07-22T20:03:09 IST" skipped="0">
  <testcase classname="ts_001_register_functionality.TC_RF_001" name="createAnAccountByProvidingValidMailid" time="17.784">
    <system-out>
      <![CDATA[test execution started
User landed on account creation page successfully
test script passed]]>
    </system-out>
  </testcase> <!-- createAnAccountByProvidingValidMailid -->
  <system-out>
    <![CDATA[test execution started
User landed on account creation page successfully
test script passed]]>
  </system-out>
</testsuite> <!-- ts_001_register_functionality.TC_RF_001 -->
