<?xml version="1.0" encoding="UTF-8"?>
<!-- Generated by org.testng.reporters.JUnitReportReporter -->
<testsuite hostname="DESKTOP-JO7IUIU" failures="0" tests="2" name="testscripts.Index_Page_Test" time="42.405" errors="0" timestamp="2024-07-22T12:56:27 IST" skipped="0">
  <testcase classname="testscripts.Index_Page_Test" name="verifyTitle" time="18.914">
    <system-out>
      <![CDATA[test execution started
test script passed]]>
    </system-out>
  </testcase> <!-- verifyTitle -->
  <testcase classname="testscripts.Index_Page_Test" name="verifyLogo" time="23.491">
    <system-out>
      <![CDATA[test execution started
Logo is present
test script passed]]>
    </system-out>
  </testcase> <!-- verifyLogo -->
  <system-out>
    <![CDATA[test execution started
Logo is present
test script passed
test execution started
test execution started
test execution started
test script passed]]>
  </system-out>
</testsuite> <!-- testscripts.Index_Page_Test -->
