<?xml version="1.0" encoding="UTF-8"?>
<!-- Generated by org.testng.reporters.JUnitReportReporter -->
<testsuite hostname="DESKTOP-JO7IUIU" failures="0" tests="1" name="ts_001_register_functionality.TC_RF_009" time="19.831" errors="0" timestamp="2024-07-22T21:45:39 IST" skipped="0">
  <testcase classname="ts_001_register_functionality.TC_RF_009" name="creatingNewAccBySelectingNewsLetter" time="19.831">
    <system-out>
      <![CDATA[test execution started
test script passed]]>
    </system-out>
  </testcase> <!-- creatingNewAccBySelectingNewsLetter -->
  <system-out>
    <![CDATA[test execution started
test script passed]]>
  </system-out>
</testsuite> <!-- ts_001_register_functionality.TC_RF_009 -->
