<?xml version="1.0" encoding="UTF-8"?>
<!-- Generated by org.testng.reporters.JUnitReportReporter -->
<testsuite hostname="DESKTOP-JO7IUIU" failures="0" tests="3" name="testscripts.End_To_End_Test" time="68.092" errors="0" timestamp="2024-07-22T12:42:35 IST" skipped="0">
  <testcase classname="testscripts.End_To_End_Test" name="validateMyAccPage" time="22.134">
    <system-out>
      <![CDATA[test execution started
Account created successfully
User has been created an acc successfully!!!!
test script passed]]>
    </system-out>
  </testcase> <!-- validateMyAccPage -->
  <testcase classname="testscripts.End_To_End_Test" name="validateMyAccPage" time="22.603">
    <system-out>
      <![CDATA[test execution started
Account created successfully
User has been created an acc successfully!!!!
test script passed]]>
    </system-out>
  </testcase> <!-- validateMyAccPage -->
  <testcase classname="testscripts.End_To_End_Test" name="validateMyAccPage" time="23.355">
    <system-out>
      <![CDATA[test execution started
Account created successfully
User has been created an acc successfully!!!!
test script passed]]>
    </system-out>
  </testcase> <!-- validateMyAccPage -->
  <system-out>
    <![CDATA[test execution started
Account created successfully
User has been created an acc successfully!!!!
test script passed
test execution started
Account created successfully
User has been created an acc successfully!!!!
test script passed
test execution started
Account created successfully
User has been created an acc successfully!!!!
test script passed]]>
  </system-out>
</testsuite> <!-- testscripts.End_To_End_Test -->
