<?xml version="1.0" encoding="UTF-8"?>
<!-- Generated by org.testng.reporters.JUnitReportReporter -->
<testsuite hostname="DESKTOP-JO7IUIU" failures="0" tests="1" name="testscripts.My_Account_Page_Test" time="20.632" errors="0" timestamp="2024-07-22T11:57:29 IST" skipped="0">
  <testcase classname="testscripts.My_Account_Page_Test" name="validateMyAccPage" time="20.632">
    <system-out>
      <![CDATA[test execution started
Account created successfully
User has been created an acc successfully!!!!
test script passed]]>
    </system-out>
  </testcase> <!-- validateMyAccPage -->
  <system-out>
    <![CDATA[test execution started
Account created successfully
User has been created an acc successfully!!!!
test script passed]]>
  </system-out>
</testsuite> <!-- testscripts.My_Account_Page_Test -->
